{"/Users/agustinmassieri/Documents/pyd-heliApp-back/app.js": {"path":"/Users/agustinmassieri/Documents/pyd-heliApp-back/app.js","statementMap":{"0":{"start":{"line":1,"column":0},"end":{"line":1,"column":27}},"1":{"start":{"line":2,"column":16},"end":{"line":2,"column":34}},"2":{"start":{"line":3,"column":13},"end":{"line":3,"column":28}},"3":{"start":{"line":4,"column":18},"end":{"line":4,"column":43}},"4":{"start":{"line":5,"column":12},"end":{"line":5,"column":21}},"5":{"start":{"line":7,"column":17},"end":{"line":7,"column":54}},"6":{"start":{"line":9,"column":0},"end":{"line":9,"column":16}},"7":{"start":{"line":10,"column":0},"end":{"line":10,"column":24}},"8":{"start":{"line":12,"column":13},"end":{"line":12,"column":37}},"9":{"start":{"line":14,"column":0},"end":{"line":14,"column":37}},"10":{"start":{"line":16,"column":0},"end":{"line":18,"column":1}},"11":{"start":{"line":17,"column":2},"end":{"line":17,"column":19}},"12":{"start":{"line":20,"column":0},"end":{"line":20,"column":12}},"13":{"start":{"line":22,"column":0},"end":{"line":22,"column":21}}},"fnMap":{},"branchMap":{"0":{"loc":{"start":{"line":7,"column":17},"end":{"line":7,"column":54}},"type":"binary-expr","locations":[{"start":{"line":7,"column":17},"end":{"line":7,"column":37}},{"start":{"line":7,"column":41},"end":{"line":7,"column":54}}],"line":7},"1":{"loc":{"start":{"line":12,"column":13},"end":{"line":12,"column":37}},"type":"binary-expr","locations":[{"start":{"line":12,"column":13},"end":{"line":12,"column":29}},{"start":{"line":12,"column":33},"end":{"line":12,"column":37}}],"line":12},"2":{"loc":{"start":{"line":16,"column":0},"end":{"line":18,"column":1}},"type":"if","locations":[{"start":{"line":16,"column":0},"end":{"line":18,"column":1}},{"start":{},"end":{}}],"line":16}},"s":{"0":1,"1":1,"2":1,"3":1,"4":1,"5":1,"6":1,"7":1,"8":1,"9":1,"10":1,"11":0,"12":1,"13":1},"f":{},"b":{"0":[1,0],"1":[1,0],"2":[0,1]},"_coverageSchema":"1a1c01bbd47fc00a2c39e90264f33305004495a9","hash":"5e91fdd0d014a917cd1105329524606376a9c7dc"}
,"/Users/agustinmassieri/Documents/pyd-heliApp-back/config/mongo.js": {"path":"/Users/agustinmassieri/Documents/pyd-heliApp-back/config/mongo.js","statementMap":{"0":{"start":{"line":1,"column":17},"end":{"line":1,"column":37}},"1":{"start":{"line":3,"column":17},"end":{"line":3,"column":37}},"2":{"start":{"line":5,"column":18},"end":{"line":16,"column":1}},"3":{"start":{"line":6,"column":0},"end":{"line":15,"column":5}},"4":{"start":{"line":7,"column":23},"end":{"line":7,"column":103}},"5":{"start":{"line":8,"column":8},"end":{"line":11,"column":11}},"6":{"start":{"line":12,"column":8},"end":{"line":12,"column":40}},"7":{"start":{"line":14,"column":8},"end":{"line":14,"column":26}},"8":{"start":{"line":18,"column":0},"end":{"line":18,"column":27}}},"fnMap":{"0":{"name":"(anonymous_0)","decl":{"start":{"line":5,"column":18},"end":{"line":5,"column":19}},"loc":{"start":{"line":5,"column":29},"end":{"line":16,"column":1}},"line":5}},"branchMap":{"0":{"loc":{"start":{"line":7,"column":23},"end":{"line":7,"column":103}},"type":"cond-expr","locations":[{"start":{"line":7,"column":47},"end":{"line":7,"column":76}},{"start":{"line":7,"column":79},"end":{"line":7,"column":103}}],"line":7}},"s":{"0":1,"1":1,"2":1,"3":1,"4":1,"5":1,"6":1,"7":0,"8":1},"f":{"0":1},"b":{"0":[1,0]},"_coverageSchema":"1a1c01bbd47fc00a2c39e90264f33305004495a9","hash":"93eadfe185632a4247bf831019b2919a06831a3f"}
,"/Users/agustinmassieri/Documents/pyd-heliApp-back/controllers/auth.js": {"path":"/Users/agustinmassieri/Documents/pyd-heliApp-back/controllers/auth.js","statementMap":{"0":{"start":{"line":1,"column":24},"end":{"line":1,"column":52}},"1":{"start":{"line":2,"column":29},"end":{"line":2,"column":63}},"2":{"start":{"line":3,"column":23},"end":{"line":3,"column":43}},"3":{"start":{"line":4,"column":22},"end":{"line":4,"column":51}},"4":{"start":{"line":5,"column":28},"end":{"line":5,"column":60}},"5":{"start":{"line":7,"column":27},"end":{"line":23,"column":1}},"6":{"start":{"line":8,"column":4},"end":{"line":22,"column":5}},"7":{"start":{"line":9,"column":8},"end":{"line":9,"column":31}},"8":{"start":{"line":10,"column":25},"end":{"line":10,"column":52}},"9":{"start":{"line":11,"column":21},"end":{"line":11,"column":39}},"10":{"start":{"line":12,"column":25},"end":{"line":12,"column":54}},"11":{"start":{"line":13,"column":8},"end":{"line":13,"column":61}},"12":{"start":{"line":15,"column":21},"end":{"line":18,"column":9}},"13":{"start":{"line":19,"column":8},"end":{"line":19,"column":23}},"14":{"start":{"line":21,"column":8},"end":{"line":21,"column":57}},"15":{"start":{"line":25,"column":24},"end":{"line":53,"column":1}},"16":{"start":{"line":26,"column":4},"end":{"line":52,"column":5}},"17":{"start":{"line":27,"column":21},"end":{"line":27,"column":119}},"18":{"start":{"line":28,"column":8},"end":{"line":31,"column":9}},"19":{"start":{"line":29,"column":12},"end":{"line":29,"column":57}},"20":{"start":{"line":30,"column":12},"end":{"line":30,"column":19}},"21":{"start":{"line":32,"column":29},"end":{"line":32,"column":49}},"22":{"start":{"line":33,"column":30},"end":{"line":33,"column":76}},"23":{"start":{"line":35,"column":8},"end":{"line":38,"column":9}},"24":{"start":{"line":36,"column":12},"end":{"line":36,"column":58}},"25":{"start":{"line":37,"column":12},"end":{"line":37,"column":19}},"26":{"start":{"line":40,"column":8},"end":{"line":40,"column":57}},"27":{"start":{"line":42,"column":21},"end":{"line":46,"column":9}},"28":{"start":{"line":48,"column":8},"end":{"line":48,"column":23}},"29":{"start":{"line":51,"column":8},"end":{"line":51,"column":54}},"30":{"start":{"line":55,"column":17},"end":{"line":62,"column":1}},"31":{"start":{"line":56,"column":4},"end":{"line":61,"column":5}},"32":{"start":{"line":57,"column":21},"end":{"line":57,"column":46}},"33":{"start":{"line":58,"column":8},"end":{"line":58,"column":25}},"34":{"start":{"line":60,"column":8},"end":{"line":60,"column":53}},"35":{"start":{"line":64,"column":16},"end":{"line":72,"column":1}},"36":{"start":{"line":65,"column":4},"end":{"line":71,"column":5}},"37":{"start":{"line":66,"column":21},"end":{"line":66,"column":61}},"38":{"start":{"line":67,"column":8},"end":{"line":67,"column":25}},"39":{"start":{"line":70,"column":8},"end":{"line":70,"column":52}},"40":{"start":{"line":74,"column":19},"end":{"line":83,"column":1}},"41":{"start":{"line":75,"column":4},"end":{"line":82,"column":5}},"42":{"start":{"line":76,"column":21},"end":{"line":78,"column":9}},"43":{"start":{"line":79,"column":8},"end":{"line":79,"column":25}},"44":{"start":{"line":81,"column":8},"end":{"line":81,"column":55}},"45":{"start":{"line":85,"column":19},"end":{"line":92,"column":1}},"46":{"start":{"line":86,"column":4},"end":{"line":91,"column":5}},"47":{"start":{"line":87,"column":21},"end":{"line":87,"column":65}},"48":{"start":{"line":88,"column":8},"end":{"line":88,"column":25}},"49":{"start":{"line":90,"column":8},"end":{"line":90,"column":55}},"50":{"start":{"line":94,"column":0},"end":{"line":94,"column":100}}},"fnMap":{"0":{"name":"(anonymous_0)","decl":{"start":{"line":7,"column":27},"end":{"line":7,"column":28}},"loc":{"start":{"line":7,"column":47},"end":{"line":23,"column":1}},"line":7},"1":{"name":"(anonymous_1)","decl":{"start":{"line":25,"column":24},"end":{"line":25,"column":25}},"loc":{"start":{"line":25,"column":44},"end":{"line":53,"column":1}},"line":25},"2":{"name":"(anonymous_2)","decl":{"start":{"line":55,"column":17},"end":{"line":55,"column":18}},"loc":{"start":{"line":55,"column":37},"end":{"line":62,"column":1}},"line":55},"3":{"name":"(anonymous_3)","decl":{"start":{"line":64,"column":16},"end":{"line":64,"column":17}},"loc":{"start":{"line":64,"column":36},"end":{"line":72,"column":1}},"line":64},"4":{"name":"(anonymous_4)","decl":{"start":{"line":74,"column":19},"end":{"line":74,"column":20}},"loc":{"start":{"line":74,"column":39},"end":{"line":83,"column":1}},"line":74},"5":{"name":"(anonymous_5)","decl":{"start":{"line":85,"column":19},"end":{"line":85,"column":20}},"loc":{"start":{"line":85,"column":39},"end":{"line":92,"column":1}},"line":85}},"branchMap":{"0":{"loc":{"start":{"line":28,"column":8},"end":{"line":31,"column":9}},"type":"if","locations":[{"start":{"line":28,"column":8},"end":{"line":31,"column":9}},{"start":{},"end":{}}],"line":28},"1":{"loc":{"start":{"line":35,"column":8},"end":{"line":38,"column":9}},"type":"if","locations":[{"start":{"line":35,"column":8},"end":{"line":38,"column":9}},{"start":{},"end":{}}],"line":35}},"s":{"0":1,"1":1,"2":1,"3":1,"4":1,"5":1,"6":1,"7":1,"8":1,"9":1,"10":1,"11":1,"12":1,"13":1,"14":0,"15":1,"16":2,"17":2,"18":2,"19":1,"20":1,"21":1,"22":1,"23":1,"24":0,"25":0,"26":1,"27":1,"28":1,"29":0,"30":1,"31":0,"32":0,"33":0,"34":0,"35":1,"36":0,"37":0,"38":0,"39":0,"40":1,"41":0,"42":0,"43":0,"44":0,"45":1,"46":0,"47":0,"48":0,"49":0,"50":1},"f":{"0":1,"1":2,"2":0,"3":0,"4":0,"5":0},"b":{"0":[1,1],"1":[0,1]},"_coverageSchema":"1a1c01bbd47fc00a2c39e90264f33305004495a9","hash":"cfac5a637e132c41854b5ca21fb1083953d3ecf0"}
,"/Users/agustinmassieri/Documents/pyd-heliApp-back/controllers/foods.js": {"path":"/Users/agustinmassieri/Documents/pyd-heliApp-back/controllers/foods.js","statementMap":{"0":{"start":{"line":1,"column":22},"end":{"line":1,"column":42}},"1":{"start":{"line":2,"column":28},"end":{"line":2,"column":60}},"2":{"start":{"line":5,"column":17},"end":{"line":13,"column":1}},"3":{"start":{"line":6,"column":4},"end":{"line":12,"column":5}},"4":{"start":{"line":7,"column":21},"end":{"line":7,"column":29}},"5":{"start":{"line":8,"column":21},"end":{"line":8,"column":45}},"6":{"start":{"line":9,"column":8},"end":{"line":9,"column":33}},"7":{"start":{"line":11,"column":8},"end":{"line":11,"column":53}},"8":{"start":{"line":16,"column":19},"end":{"line":23,"column":1}},"9":{"start":{"line":17,"column":4},"end":{"line":22,"column":5}},"10":{"start":{"line":18,"column":21},"end":{"line":18,"column":53}},"11":{"start":{"line":19,"column":8},"end":{"line":19,"column":25}},"12":{"start":{"line":21,"column":8},"end":{"line":21,"column":55}},"13":{"start":{"line":25,"column":0},"end":{"line":25,"column":42}}},"fnMap":{"0":{"name":"(anonymous_0)","decl":{"start":{"line":5,"column":17},"end":{"line":5,"column":18}},"loc":{"start":{"line":5,"column":37},"end":{"line":13,"column":1}},"line":5},"1":{"name":"(anonymous_1)","decl":{"start":{"line":16,"column":19},"end":{"line":16,"column":20}},"loc":{"start":{"line":16,"column":39},"end":{"line":23,"column":1}},"line":16}},"branchMap":{},"s":{"0":1,"1":1,"2":1,"3":0,"4":0,"5":0,"6":0,"7":0,"8":1,"9":0,"10":0,"11":0,"12":0,"13":1},"f":{"0":0,"1":0},"b":{},"_coverageSchema":"1a1c01bbd47fc00a2c39e90264f33305004495a9","hash":"502b5d96f563e8eeda5a639c4f80cb59372db636"}
,"/Users/agustinmassieri/Documents/pyd-heliApp-back/models/food.js": {"path":"/Users/agustinmassieri/Documents/pyd-heliApp-back/models/food.js","statementMap":{"0":{"start":{"line":1,"column":17},"end":{"line":1,"column":36}},"1":{"start":{"line":2,"column":23},"end":{"line":2,"column":49}},"2":{"start":{"line":4,"column":19},"end":{"line":17,"column":1}},"3":{"start":{"line":19,"column":0},"end":{"line":19,"column":62}},"4":{"start":{"line":20,"column":0},"end":{"line":20,"column":53}}},"fnMap":{},"branchMap":{},"s":{"0":1,"1":1,"2":1,"3":1,"4":1},"f":{},"b":{},"_coverageSchema":"1a1c01bbd47fc00a2c39e90264f33305004495a9","hash":"d2f6fdab38146ece5586c39f8edc87a23d6fa397"}
,"/Users/agustinmassieri/Documents/pyd-heliApp-back/models/index.js": {"path":"/Users/agustinmassieri/Documents/pyd-heliApp-back/models/index.js","statementMap":{"0":{"start":{"line":1,"column":15},"end":{"line":4,"column":1}},"1":{"start":{"line":6,"column":0},"end":{"line":6,"column":24}}},"fnMap":{},"branchMap":{},"s":{"0":1,"1":1},"f":{},"b":{},"_coverageSchema":"1a1c01bbd47fc00a2c39e90264f33305004495a9","hash":"2d29ac11171057b402a45627f593e3068d207e27"}
,"/Users/agustinmassieri/Documents/pyd-heliApp-back/models/users.js": {"path":"/Users/agustinmassieri/Documents/pyd-heliApp-back/models/users.js","statementMap":{"0":{"start":{"line":1,"column":17},"end":{"line":1,"column":36}},"1":{"start":{"line":2,"column":23},"end":{"line":2,"column":49}},"2":{"start":{"line":4,"column":19},"end":{"line":41,"column":1}},"3":{"start":{"line":43,"column":0},"end":{"line":43,"column":62}},"4":{"start":{"line":44,"column":0},"end":{"line":44,"column":53}}},"fnMap":{},"branchMap":{},"s":{"0":1,"1":1,"2":1,"3":1,"4":1},"f":{},"b":{},"_coverageSchema":"1a1c01bbd47fc00a2c39e90264f33305004495a9","hash":"960896f0df6ed6648910df9b36ac903931b03da1"}
,"/Users/agustinmassieri/Documents/pyd-heliApp-back/routes/auth.js": {"path":"/Users/agustinmassieri/Documents/pyd-heliApp-back/routes/auth.js","statementMap":{"0":{"start":{"line":1,"column":16},"end":{"line":1,"column":34}},"1":{"start":{"line":2,"column":15},"end":{"line":2,"column":31}},"2":{"start":{"line":3,"column":54},"end":{"line":3,"column":83}},"3":{"start":{"line":4,"column":91},"end":{"line":4,"column":121}},"4":{"start":{"line":6,"column":0},"end":{"line":6,"column":31}},"5":{"start":{"line":7,"column":0},"end":{"line":7,"column":34}},"6":{"start":{"line":8,"column":0},"end":{"line":8,"column":40}},"7":{"start":{"line":9,"column":0},"end":{"line":9,"column":37}},"8":{"start":{"line":10,"column":0},"end":{"line":10,"column":68}},"9":{"start":{"line":11,"column":0},"end":{"line":11,"column":59}},"10":{"start":{"line":13,"column":0},"end":{"line":13,"column":24}}},"fnMap":{},"branchMap":{},"s":{"0":1,"1":1,"2":1,"3":1,"4":1,"5":1,"6":1,"7":1,"8":1,"9":1,"10":1},"f":{},"b":{},"_coverageSchema":"1a1c01bbd47fc00a2c39e90264f33305004495a9","hash":"9f315d54580a6697e8ec6852c640fadabb808475"}
,"/Users/agustinmassieri/Documents/pyd-heliApp-back/routes/foods.js": {"path":"/Users/agustinmassieri/Documents/pyd-heliApp-back/routes/foods.js","statementMap":{"0":{"start":{"line":1,"column":16},"end":{"line":1,"column":34}},"1":{"start":{"line":2,"column":15},"end":{"line":2,"column":31}},"2":{"start":{"line":3,"column":32},"end":{"line":3,"column":63}},"3":{"start":{"line":4,"column":31},"end":{"line":4,"column":61}},"4":{"start":{"line":8,"column":0},"end":{"line":8,"column":26}},"5":{"start":{"line":9,"column":0},"end":{"line":9,"column":50}},"6":{"start":{"line":13,"column":0},"end":{"line":13,"column":24}}},"fnMap":{},"branchMap":{},"s":{"0":1,"1":1,"2":1,"3":1,"4":1,"5":1,"6":1},"f":{},"b":{},"_coverageSchema":"1a1c01bbd47fc00a2c39e90264f33305004495a9","hash":"f2d0e91d0f6667014adffa9aba261c8c09a1b074"}
,"/Users/agustinmassieri/Documents/pyd-heliApp-back/routes/index.js": {"path":"/Users/agustinmassieri/Documents/pyd-heliApp-back/routes/index.js","statementMap":{"0":{"start":{"line":1,"column":16},"end":{"line":1,"column":34}},"1":{"start":{"line":2,"column":11},"end":{"line":2,"column":24}},"2":{"start":{"line":3,"column":15},"end":{"line":3,"column":31}},"3":{"start":{"line":5,"column":20},"end":{"line":5,"column":29}},"4":{"start":{"line":7,"column":24},"end":{"line":9,"column":1}},"5":{"start":{"line":8,"column":4},"end":{"line":8,"column":39}},"6":{"start":{"line":11,"column":0},"end":{"line":18,"column":3}},"7":{"start":{"line":13,"column":21},"end":{"line":13,"column":42}},"8":{"start":{"line":14,"column":4},"end":{"line":16,"column":5}},"9":{"start":{"line":15,"column":8},"end":{"line":15,"column":57}},"10":{"start":{"line":21,"column":0},"end":{"line":21,"column":24}}},"fnMap":{"0":{"name":"(anonymous_0)","decl":{"start":{"line":7,"column":24},"end":{"line":7,"column":25}},"loc":{"start":{"line":7,"column":38},"end":{"line":9,"column":1}},"line":7},"1":{"name":"(anonymous_1)","decl":{"start":{"line":11,"column":36},"end":{"line":11,"column":37}},"loc":{"start":{"line":11,"column":46},"end":{"line":18,"column":1}},"line":11}},"branchMap":{"0":{"loc":{"start":{"line":14,"column":4},"end":{"line":16,"column":5}},"type":"if","locations":[{"start":{"line":14,"column":4},"end":{"line":16,"column":5}},{"start":{},"end":{}}],"line":14}},"s":{"0":1,"1":1,"2":1,"3":1,"4":1,"5":3,"6":1,"7":3,"8":3,"9":2,"10":1},"f":{"0":3,"1":3},"b":{"0":[2,1]},"_coverageSchema":"1a1c01bbd47fc00a2c39e90264f33305004495a9","hash":"cb76617f183b57d9a1a126181a6046646ef36b97"}
,"/Users/agustinmassieri/Documents/pyd-heliApp-back/utils/handleErrors.js": {"path":"/Users/agustinmassieri/Documents/pyd-heliApp-back/utils/handleErrors.js","statementMap":{"0":{"start":{"line":1,"column":24},"end":{"line":8,"column":1}},"1":{"start":{"line":2,"column":4},"end":{"line":2,"column":21}},"2":{"start":{"line":3,"column":17},"end":{"line":6,"column":5}},"3":{"start":{"line":7,"column":4},"end":{"line":7,"column":19}},"4":{"start":{"line":10,"column":0},"end":{"line":10,"column":35}}},"fnMap":{"0":{"name":"(anonymous_0)","decl":{"start":{"line":1,"column":24},"end":{"line":1,"column":25}},"loc":{"start":{"line":1,"column":48},"end":{"line":8,"column":1}},"line":1}},"branchMap":{},"s":{"0":1,"1":1,"2":1,"3":1,"4":1},"f":{"0":1},"b":{},"_coverageSchema":"1a1c01bbd47fc00a2c39e90264f33305004495a9","hash":"95b85429bfdc906cecf552d5c4c7a10c853460d8"}
,"/Users/agustinmassieri/Documents/pyd-heliApp-back/utils/handleJWT.js": {"path":"/Users/agustinmassieri/Documents/pyd-heliApp-back/utils/handleJWT.js","statementMap":{"0":{"start":{"line":1,"column":15},"end":{"line":1,"column":38}},"1":{"start":{"line":2,"column":19},"end":{"line":2,"column":41}},"2":{"start":{"line":4,"column":18},"end":{"line":16,"column":1}},"3":{"start":{"line":5,"column":17},"end":{"line":14,"column":5}},"4":{"start":{"line":15,"column":4},"end":{"line":15,"column":16}},"5":{"start":{"line":18,"column":20},"end":{"line":24,"column":1}},"6":{"start":{"line":19,"column":4},"end":{"line":23,"column":5}},"7":{"start":{"line":20,"column":8},"end":{"line":20,"column":51}},"8":{"start":{"line":22,"column":8},"end":{"line":22,"column":20}},"9":{"start":{"line":26,"column":0},"end":{"line":26,"column":43}}},"fnMap":{"0":{"name":"(anonymous_0)","decl":{"start":{"line":4,"column":18},"end":{"line":4,"column":19}},"loc":{"start":{"line":4,"column":34},"end":{"line":16,"column":1}},"line":4},"1":{"name":"(anonymous_1)","decl":{"start":{"line":18,"column":20},"end":{"line":18,"column":21}},"loc":{"start":{"line":18,"column":40},"end":{"line":24,"column":1}},"line":18}},"branchMap":{},"s":{"0":1,"1":1,"2":1,"3":2,"4":2,"5":1,"6":0,"7":0,"8":0,"9":1},"f":{"0":2,"1":0},"b":{},"_coverageSchema":"1a1c01bbd47fc00a2c39e90264f33305004495a9","hash":"63ac327a03c7c8c8d033a07ff6ad5385554cba21"}
,"/Users/agustinmassieri/Documents/pyd-heliApp-back/utils/handlePassword.js": {"path":"/Users/agustinmassieri/Documents/pyd-heliApp-back/utils/handlePassword.js","statementMap":{"0":{"start":{"line":2,"column":15},"end":{"line":2,"column":34}},"1":{"start":{"line":4,"column":16},"end":{"line":7,"column":1}},"2":{"start":{"line":5,"column":17},"end":{"line":5,"column":53}},"3":{"start":{"line":6,"column":4},"end":{"line":6,"column":16}},"4":{"start":{"line":9,"column":16},"end":{"line":12,"column":1}},"5":{"start":{"line":10,"column":20},"end":{"line":10,"column":69}},"6":{"start":{"line":11,"column":4},"end":{"line":11,"column":19}},"7":{"start":{"line":14,"column":0},"end":{"line":14,"column":36}}},"fnMap":{"0":{"name":"(anonymous_0)","decl":{"start":{"line":4,"column":16},"end":{"line":4,"column":17}},"loc":{"start":{"line":4,"column":41},"end":{"line":7,"column":1}},"line":4},"1":{"name":"(anonymous_1)","decl":{"start":{"line":9,"column":16},"end":{"line":9,"column":17}},"loc":{"start":{"line":9,"column":55},"end":{"line":12,"column":1}},"line":9}},"branchMap":{},"s":{"0":1,"1":1,"2":1,"3":1,"4":1,"5":1,"6":1,"7":1},"f":{"0":1,"1":1},"b":{},"_coverageSchema":"1a1c01bbd47fc00a2c39e90264f33305004495a9","hash":"16a8469a1204a3d4e26758271ba8822018611ea9"}
,"/Users/agustinmassieri/Documents/pyd-heliApp-back/utils/handleValidator.js": {"path":"/Users/agustinmassieri/Documents/pyd-heliApp-back/utils/handleValidator.js","statementMap":{"0":{"start":{"line":1,"column":29},"end":{"line":1,"column":57}},"1":{"start":{"line":3,"column":24},"end":{"line":11,"column":1}},"2":{"start":{"line":4,"column":2},"end":{"line":10,"column":3}},"3":{"start":{"line":5,"column":4},"end":{"line":5,"column":34}},"4":{"start":{"line":6,"column":4},"end":{"line":6,"column":18}},"5":{"start":{"line":8,"column":4},"end":{"line":8,"column":20}},"6":{"start":{"line":9,"column":4},"end":{"line":9,"column":38}},"7":{"start":{"line":13,"column":0},"end":{"line":13,"column":32}}},"fnMap":{"0":{"name":"(anonymous_0)","decl":{"start":{"line":3,"column":24},"end":{"line":3,"column":25}},"loc":{"start":{"line":3,"column":44},"end":{"line":11,"column":1}},"line":3}},"branchMap":{},"s":{"0":1,"1":1,"2":3,"3":3,"4":3,"5":0,"6":0,"7":1},"f":{"0":3},"b":{},"_coverageSchema":"1a1c01bbd47fc00a2c39e90264f33305004495a9","hash":"5218615f813241c7346ed29bdc5655474fd69d79"}
,"/Users/agustinmassieri/Documents/pyd-heliApp-back/validators/auth.js": {"path":"/Users/agustinmassieri/Documents/pyd-heliApp-back/validators/auth.js","statementMap":{"0":{"start":{"line":1,"column":18},"end":{"line":1,"column":46}},"1":{"start":{"line":2,"column":24},"end":{"line":2,"column":59}},"2":{"start":{"line":4,"column":30},"end":{"line":34,"column":1}},"3":{"start":{"line":32,"column":8},"end":{"line":32,"column":47}},"4":{"start":{"line":36,"column":27},"end":{"line":48,"column":1}},"5":{"start":{"line":46,"column":8},"end":{"line":46,"column":47}},"6":{"start":{"line":50,"column":0},"end":{"line":50,"column":61}}},"fnMap":{"0":{"name":"(anonymous_0)","decl":{"start":{"line":31,"column":4},"end":{"line":31,"column":5}},"loc":{"start":{"line":31,"column":24},"end":{"line":33,"column":5}},"line":31},"1":{"name":"(anonymous_1)","decl":{"start":{"line":45,"column":4},"end":{"line":45,"column":5}},"loc":{"start":{"line":45,"column":24},"end":{"line":47,"column":5}},"line":45}},"branchMap":{},"s":{"0":1,"1":1,"2":1,"3":1,"4":1,"5":2,"6":1},"f":{"0":1,"1":2},"b":{},"_coverageSchema":"1a1c01bbd47fc00a2c39e90264f33305004495a9","hash":"6b122c4893195847b06fd9d2bc26e70c2ae7493c"}
,"/Users/agustinmassieri/Documents/pyd-heliApp-back/validators/foods.js": {"path":"/Users/agustinmassieri/Documents/pyd-heliApp-back/validators/foods.js","statementMap":{"0":{"start":{"line":1,"column":18},"end":{"line":1,"column":46}},"1":{"start":{"line":2,"column":24},"end":{"line":2,"column":59}},"2":{"start":{"line":4,"column":28},"end":{"line":14,"column":1}},"3":{"start":{"line":12,"column":8},"end":{"line":12,"column":47}},"4":{"start":{"line":17,"column":0},"end":{"line":17,"column":39}}},"fnMap":{"0":{"name":"(anonymous_0)","decl":{"start":{"line":11,"column":4},"end":{"line":11,"column":5}},"loc":{"start":{"line":11,"column":24},"end":{"line":13,"column":5}},"line":11}},"branchMap":{},"s":{"0":1,"1":1,"2":1,"3":0,"4":1},"f":{"0":0},"b":{},"_coverageSchema":"1a1c01bbd47fc00a2c39e90264f33305004495a9","hash":"e766a0d146267fe201c30d0e8235a341bef546ef"}
}
