TN:
SF:app.js
FNF:0
FNH:0
DA:1,11
DA:2,11
DA:3,11
DA:4,11
DA:5,11
DA:6,11
DA:8,11
DA:10,11
DA:11,11
DA:12,11
DA:14,11
DA:16,11
DA:18,11
DA:19,0
DA:22,11
DA:24,11
LF:16
LH:15
BRDA:8,0,0,11
BRDA:8,0,1,0
BRDA:14,1,0,11
BRDA:14,1,1,0
BRDA:18,2,0,0
BRDA:18,2,1,11
BRF:6
BRH:3
end_of_record
TN:
SF:config/mongo.js
FN:5,(anonymous_0)
FNF:1
FNH:1
FNDA:12,(anonymous_0)
DA:1,12
DA:3,12
DA:5,12
DA:6,12
DA:7,12
DA:8,12
DA:12,11
DA:14,1
DA:18,12
LF:9
LH:9
BRDA:7,0,0,12
BRDA:7,0,1,0
BRF:2
BRH:1
end_of_record
TN:
SF:controllers/auth.js
FN:7,(anonymous_0)
FN:25,(anonymous_1)
FN:55,(anonymous_2)
FN:64,(anonymous_3)
FN:73,(anonymous_4)
FN:83,(anonymous_5)
FN:93,(anonymous_6)
FN:108,(anonymous_7)
FN:122,(anonymous_8)
FN:131,(anonymous_9)
FN:143,(anonymous_10)
FN:153,(anonymous_11)
FNF:12
FNH:12
FNDA:9,(anonymous_0)
FNDA:4,(anonymous_1)
FNDA:3,(anonymous_2)
FNDA:2,(anonymous_3)
FNDA:2,(anonymous_4)
FNDA:2,(anonymous_5)
FNDA:2,(anonymous_6)
FNDA:4,(anonymous_7)
FNDA:2,(anonymous_8)
FNDA:2,(anonymous_9)
FNDA:2,(anonymous_10)
FNDA:2,(anonymous_11)
DA:1,11
DA:2,11
DA:3,11
DA:4,11
DA:5,11
DA:7,11
DA:8,9
DA:9,9
DA:10,9
DA:11,9
DA:12,9
DA:13,8
DA:15,8
DA:19,8
DA:21,1
DA:25,11
DA:26,4
DA:27,4
DA:28,3
DA:29,1
DA:30,1
DA:32,2
DA:33,2
DA:35,2
DA:36,1
DA:37,1
DA:40,1
DA:42,1
DA:48,1
DA:51,1
DA:55,11
DA:56,3
DA:57,3
DA:58,2
DA:60,1
DA:64,11
DA:65,2
DA:66,2
DA:67,1
DA:69,1
DA:73,11
DA:74,2
DA:75,2
DA:76,1
DA:79,1
DA:83,11
DA:84,2
DA:85,2
DA:86,1
DA:89,1
DA:93,11
DA:94,2
DA:95,2
DA:96,2
DA:98,2
DA:101,1
DA:102,1
DA:104,1
DA:108,11
DA:109,4
DA:110,4
DA:113,3
DA:114,3
DA:115,3
DA:117,1
DA:118,1
DA:122,11
DA:123,2
DA:124,2
DA:125,1
DA:127,1
DA:131,11
DA:132,2
DA:133,2
DA:136,1
DA:137,1
DA:139,1
DA:143,11
DA:144,2
DA:145,2
DA:146,1
DA:148,1
DA:149,1
DA:153,11
DA:154,2
DA:155,2
DA:156,1
DA:158,1
DA:159,1
DA:163,11
LF:90
LH:90
BRDA:28,0,0,1
BRDA:28,0,1,2
BRDA:35,1,0,1
BRDA:35,1,1,1
BRF:4
BRH:4
end_of_record
TN:
SF:controllers/category.js
FN:5,(anonymous_0)
FN:16,(anonymous_1)
FNF:2
FNH:2
FNDA:2,(anonymous_0)
FNDA:2,(anonymous_1)
DA:1,11
DA:2,11
DA:5,11
DA:6,2
DA:7,2
DA:8,2
DA:9,1
DA:11,1
DA:16,11
DA:17,2
DA:18,2
DA:19,1
DA:21,1
DA:25,11
LF:14
LH:14
BRF:0
BRH:0
end_of_record
TN:
SF:controllers/foods.js
FN:4,(anonymous_0)
FN:14,(anonymous_1)
FN:26,(anonymous_2)
FNF:3
FNH:3
FNDA:2,(anonymous_0)
FNDA:2,(anonymous_1)
FNDA:2,(anonymous_2)
DA:1,11
DA:2,11
DA:4,11
DA:5,2
DA:6,2
DA:7,2
DA:8,1
DA:10,1
DA:14,11
DA:15,2
DA:16,2
DA:17,2
DA:20,1
DA:22,1
DA:26,11
DA:27,2
DA:28,2
DA:29,1
DA:31,1
DA:35,11
LF:20
LH:20
BRF:0
BRH:0
end_of_record
TN:
SF:controllers/goals.js
FN:5,(anonymous_0)
FN:14,(anonymous_1)
FN:18,(anonymous_2)
FN:26,(anonymous_3)
FN:59,(anonymous_4)
FN:64,(anonymous_5)
FN:67,(anonymous_6)
FN:78,(anonymous_7)
FN:98,(anonymous_8)
FN:108,(anonymous_9)
FN:120,(anonymous_10)
FNF:11
FNH:11
FNDA:2,(anonymous_0)
FNDA:2,(anonymous_1)
FNDA:4,(anonymous_2)
FNDA:18,(anonymous_3)
FNDA:5,(anonymous_4)
FNDA:4,(anonymous_5)
FNDA:18,(anonymous_6)
FNDA:5,(anonymous_7)
FNDA:11,(anonymous_8)
FNDA:2,(anonymous_9)
FNDA:2,(anonymous_10)
DA:1,11
DA:2,11
DA:3,11
DA:5,11
DA:6,2
DA:7,2
DA:8,1
DA:10,1
DA:14,11
DA:15,2
DA:16,2
DA:17,1
DA:18,4
DA:20,1
DA:22,1
DA:26,11
DA:27,18
DA:28,18
DA:30,18
DA:31,18
DA:33,18
DA:34,18
DA:36,18
DA:37,6
DA:38,12
DA:39,1
DA:41,11
DA:43,3
DA:44,3
DA:45,3
DA:46,3
DA:48,11
DA:50,2
DA:51,2
DA:52,2
DA:53,2
DA:55,11
DA:59,11
DA:60,5
DA:61,5
DA:64,11
DA:65,4
DA:66,4
DA:67,3
DA:68,18
DA:69,18
DA:70,18
DA:71,18
DA:76,18
DA:77,18
DA:78,18
DA:79,5
DA:82,18
DA:84,18
DA:90,18
DA:92,3
DA:94,1
DA:98,11
DA:99,11
DA:100,11
DA:101,10
DA:103,1
DA:108,11
DA:109,2
DA:110,2
DA:114,1
DA:116,1
DA:120,11
DA:121,2
DA:122,2
DA:123,1
DA:125,1
DA:129,11
LF:73
LH:73
BRDA:18,0,0,4
BRDA:18,0,1,2
BRDA:36,1,0,6
BRDA:36,1,1,12
BRDA:38,2,0,1
BRDA:38,2,1,11
BRDA:38,3,0,12
BRDA:38,3,1,12
BRDA:41,4,0,3
BRDA:41,4,1,8
BRDA:48,5,0,2
BRDA:48,5,1,9
BRF:12
BRH:12
end_of_record
TN:
SF:controllers/intermittentFasting.js
FN:6,(anonymous_0)
FN:26,(anonymous_1)
FN:35,(anonymous_2)
FN:36,(anonymous_3)
FN:50,(anonymous_4)
FN:61,(anonymous_5)
FN:69,(anonymous_6)
FN:82,(anonymous_7)
FNF:8
FNH:5
FNDA:5,(anonymous_0)
FNDA:0,(anonymous_1)
FNDA:0,(anonymous_2)
FNDA:0,(anonymous_3)
FNDA:3,(anonymous_4)
FNDA:2,(anonymous_5)
FNDA:1,(anonymous_6)
FNDA:2,(anonymous_7)
DA:1,11
DA:2,11
DA:3,11
DA:4,11
DA:6,11
DA:7,5
DA:8,5
DA:18,5
DA:19,1
DA:22,4
DA:23,3
DA:24,3
DA:27,0
DA:34,0
DA:37,0
DA:41,0
DA:44,3
DA:46,1
DA:50,11
DA:51,3
DA:52,3
DA:55,2
DA:57,1
DA:61,11
DA:62,2
DA:63,2
DA:65,2
DA:68,1
DA:70,1
DA:72,1
DA:74,1
DA:82,11
DA:83,2
DA:84,2
DA:87,1
DA:89,1
DA:93,11
LF:37
LH:33
BRDA:18,0,0,1
BRDA:18,0,1,4
BRDA:70,1,0,1
BRDA:70,1,1,1
BRF:4
BRH:4
end_of_record
TN:
SF:controllers/meals.js
FN:4,(anonymous_0)
FN:14,(anonymous_1)
FN:24,(anonymous_2)
FN:43,(anonymous_3)
FN:53,(anonymous_4)
FN:65,(anonymous_5)
FN:74,(anonymous_6)
FN:100,(anonymous_7)
FN:111,obtenerFechaSinHora
FN:120,(anonymous_9)
FN:133,(anonymous_10)
FN:146,(anonymous_11)
FNF:12
FNH:12
FNDA:2,(anonymous_0)
FNDA:2,(anonymous_1)
FNDA:2,(anonymous_2)
FNDA:8,(anonymous_3)
FNDA:2,(anonymous_4)
FNDA:3,(anonymous_5)
FNDA:2,(anonymous_6)
FNDA:4,(anonymous_7)
FNDA:4,obtenerFechaSinHora
FNDA:3,(anonymous_9)
FNDA:2,(anonymous_10)
FNDA:5,(anonymous_11)
DA:1,11
DA:2,11
DA:4,11
DA:5,2
DA:6,2
DA:7,2
DA:8,1
DA:10,1
DA:14,11
DA:15,2
DA:16,2
DA:17,2
DA:18,1
DA:20,1
DA:24,11
DA:25,2
DA:26,2
DA:28,2
DA:36,2
DA:37,1
DA:39,1
DA:43,11
DA:44,8
DA:45,8
DA:47,7
DA:49,1
DA:53,11
DA:54,2
DA:55,2
DA:59,1
DA:61,1
DA:65,11
DA:66,3
DA:67,3
DA:68,2
DA:70,1
DA:74,11
DA:75,2
DA:76,2
DA:77,2
DA:78,2
DA:79,2
DA:80,2
DA:85,2
DA:86,2
DA:87,2
DA:89,2
DA:90,381
DA:95,381
DA:98,2
DA:99,1
DA:100,1
DA:101,4
DA:102,4
DA:104,4
DA:105,3
DA:107,1
DA:112,4
DA:116,1
DA:117,1
DA:118,1
DA:119,1
DA:120,3
DA:122,1
DA:123,1
DA:127,1
DA:129,1
DA:133,11
DA:134,2
DA:135,2
DA:136,2
DA:137,2
DA:138,2
DA:143,2
DA:145,1
DA:146,1
DA:147,5
DA:150,1
DA:152,1
DA:156,11
LF:80
LH:80
BRDA:104,0,0,3
BRDA:104,0,1,1
BRDA:122,1,0,1
BRDA:122,1,1,0
BRF:4
BRH:3
end_of_record
TN:
SF:controllers/notifications.js
FN:6,(anonymous_0)
FN:24,(anonymous_1)
FN:25,(anonymous_2)
FN:64,(anonymous_3)
FN:88,(anonymous_4)
FN:115,(anonymous_5)
FNF:6
FNH:6
FNDA:2,(anonymous_0)
FNDA:2,(anonymous_1)
FNDA:2,(anonymous_2)
FNDA:1,(anonymous_3)
FNDA:1,(anonymous_4)
FNDA:2,(anonymous_5)
DA:1,11
DA:2,11
DA:3,11
DA:4,11
DA:6,11
DA:7,2
DA:8,2
DA:9,2
DA:10,2
DA:11,2
DA:13,2
DA:14,2
DA:23,2
DA:26,2
DA:30,2
DA:35,2
DA:36,2
DA:37,2
DA:38,2
DA:39,2
DA:41,2
DA:53,2
DA:55,2
DA:57,0
DA:60,0
DA:64,11
DA:65,1
DA:66,1
DA:68,1
DA:69,1
DA:70,1
DA:71,1
DA:72,1
DA:74,1
DA:81,1
DA:82,1
DA:84,0
DA:88,11
DA:89,1
DA:90,1
DA:91,1
DA:92,1
DA:94,1
DA:95,1
DA:96,1
DA:97,1
DA:98,1
DA:100,1
DA:109,1
DA:111,0
DA:115,11
DA:116,2
DA:117,2
DA:118,1
DA:120,1
DA:124,11
LF:56
LH:52
BRDA:35,0,0,2
BRDA:35,0,1,0
BRF:2
BRH:1
end_of_record
TN:
SF:controllers/recipes.js
FN:5,(anonymous_0)
FN:24,(anonymous_1)
FN:33,(anonymous_2)
FN:45,(anonymous_3)
FN:54,(anonymous_4)
FN:71,(anonymous_5)
FNF:6
FNH:4
FNDA:9,(anonymous_0)
FNDA:1,(anonymous_1)
FNDA:0,(anonymous_2)
FNDA:1,(anonymous_3)
FNDA:0,(anonymous_4)
FNDA:2,(anonymous_5)
DA:1,11
DA:2,11
DA:3,11
DA:5,11
DA:6,9
DA:7,9
DA:8,9
DA:9,9
DA:10,9
DA:12,9
DA:19,7
DA:21,2
DA:24,11
DA:25,1
DA:26,1
DA:27,1
DA:29,0
DA:33,11
DA:34,0
DA:35,0
DA:39,0
DA:41,0
DA:45,11
DA:46,1
DA:47,1
DA:48,1
DA:49,1
DA:50,0
DA:54,1
DA:55,0
DA:62,1
DA:64,1
DA:66,1
DA:68,0
DA:71,11
DA:72,2
DA:73,2
DA:77,1
DA:79,1
DA:83,11
LF:40
LH:32
BRDA:49,0,0,0
BRDA:49,0,1,1
BRDA:54,1,0,0
BRDA:54,1,1,1
BRF:4
BRH:2
end_of_record
TN:
SF:controllers/relationshipRequest.js
FN:6,(anonymous_0)
FN:19,(anonymous_1)
FN:20,(anonymous_2)
FN:32,(anonymous_3)
FN:41,(anonymous_4)
FN:50,(anonymous_5)
FN:62,(anonymous_6)
FN:74,(anonymous_7)
FN:88,(anonymous_8)
FN:89,(anonymous_9)
FNF:10
FNH:8
FNDA:2,(anonymous_0)
FNDA:0,(anonymous_1)
FNDA:0,(anonymous_2)
FNDA:2,(anonymous_3)
FNDA:2,(anonymous_4)
FNDA:2,(anonymous_5)
FNDA:2,(anonymous_6)
FNDA:2,(anonymous_7)
FNDA:1,(anonymous_8)
FNDA:1,(anonymous_9)
DA:1,11
DA:2,11
DA:3,11
DA:4,11
DA:6,11
DA:7,2
DA:8,2
DA:9,1
DA:18,1
DA:21,0
DA:25,1
DA:26,1
DA:28,1
DA:32,11
DA:33,2
DA:34,2
DA:35,1
DA:37,1
DA:41,11
DA:42,2
DA:43,2
DA:44,1
DA:46,1
DA:50,11
DA:51,2
DA:52,2
DA:56,1
DA:58,1
DA:62,11
DA:63,2
DA:64,2
DA:68,1
DA:70,1
DA:74,11
DA:75,2
DA:76,2
DA:77,1
DA:78,1
DA:87,1
DA:90,1
DA:94,1
DA:96,1
DA:98,1
DA:102,11
LF:44
LH:43
BRDA:77,0,0,1
BRDA:77,0,1,0
BRF:2
BRH:1
end_of_record
TN:
SF:controllers/waterGlass.js
FN:4,(anonymous_0)
FN:13,(anonymous_1)
FN:22,(anonymous_2)
FNF:3
FNH:3
FNDA:2,(anonymous_0)
FNDA:2,(anonymous_1)
FNDA:2,(anonymous_2)
DA:1,11
DA:2,11
DA:4,11
DA:5,2
DA:6,2
DA:7,1
DA:9,1
DA:13,11
DA:14,2
DA:15,2
DA:16,1
DA:18,1
DA:22,11
DA:24,2
DA:26,2
DA:27,2
DA:41,1
DA:43,1
DA:47,11
LF:19
LH:19
BRF:0
BRH:0
end_of_record
TN:
SF:controllers/weeks.js
FN:13,(anonymous_0)
FN:30,(anonymous_1)
FNF:2
FNH:2
FNDA:3,(anonymous_0)
FNDA:7,(anonymous_1)
DA:1,11
DA:2,11
DA:13,11
DA:14,3
DA:15,3
DA:16,3
DA:23,2
DA:25,1
DA:26,1
DA:30,11
DA:31,7
DA:32,7
DA:35,7
DA:36,1
DA:41,6
DA:51,5
DA:53,1
DA:59,11
LF:18
LH:18
BRDA:35,0,0,1
BRDA:35,0,1,6
BRF:2
BRH:2
end_of_record
TN:
SF:models/category.js
FNF:0
FNH:0
DA:1,11
DA:2,11
DA:4,11
DA:16,11
DA:17,11
LF:5
LH:5
BRF:0
BRH:0
end_of_record
TN:
SF:models/food.js
FNF:0
FNH:0
DA:1,11
DA:2,11
DA:4,11
DA:46,11
DA:47,11
LF:5
LH:5
BRF:0
BRH:0
end_of_record
TN:
SF:models/goal.js
FNF:0
FNH:0
DA:1,11
DA:2,11
DA:4,11
DA:31,11
DA:32,11
LF:5
LH:5
BRF:0
BRH:0
end_of_record
TN:
SF:models/index.js
FNF:0
FNH:0
DA:1,11
DA:14,11
LF:2
LH:2
BRF:0
BRH:0
end_of_record
TN:
SF:models/intermittentFasting.js
FNF:0
FNH:0
DA:1,11
DA:2,11
DA:4,11
DA:22,11
DA:23,11
LF:5
LH:5
BRF:0
BRH:0
end_of_record
TN:
SF:models/meal.js
FN:15,(anonymous_0)
FNF:1
FNH:1
FNDA:7,(anonymous_0)
DA:1,11
DA:2,11
DA:4,11
DA:16,7
DA:57,11
DA:58,11
LF:6
LH:6
BRF:0
BRH:0
end_of_record
TN:
SF:models/recipe.js
FN:14,(anonymous_0)
FN:19,(anonymous_1)
FN:48,(anonymous_2)
FN:57,(anonymous_3)
FNF:4
FNH:4
FNDA:1,(anonymous_0)
FNDA:1,(anonymous_1)
FNDA:10,(anonymous_2)
FNDA:10,(anonymous_3)
DA:1,11
DA:2,11
DA:3,11
DA:5,11
DA:16,1
DA:17,1
DA:20,1
DA:25,11
DA:36,11
DA:49,10
DA:58,10
DA:76,11
DA:77,11
LF:13
LH:13
BRDA:58,0,0,10
BRDA:58,0,1,10
BRF:2
BRH:2
end_of_record
TN:
SF:models/relationshipRequest.js
FNF:0
FNH:0
DA:1,11
DA:2,11
DA:3,11
DA:5,11
DA:29,11
DA:30,11
LF:6
LH:6
BRF:0
BRH:0
end_of_record
TN:
SF:models/users.js
FNF:0
FNH:0
DA:1,11
DA:2,11
DA:3,11
DA:5,11
DA:59,11
DA:60,11
LF:6
LH:6
BRF:0
BRH:0
end_of_record
TN:
SF:models/waterGlass.js
FNF:0
FNH:0
DA:1,11
DA:2,11
DA:4,11
DA:19,11
DA:20,11
LF:5
LH:5
BRF:0
BRH:0
end_of_record
TN:
SF:models/week.js
FNF:0
FNH:0
DA:1,11
DA:2,11
DA:13,11
DA:23,11
DA:38,11
DA:39,11
LF:6
LH:6
BRF:0
BRH:0
end_of_record
TN:
SF:routes/auth.js
FNF:0
FNH:0
DA:1,11
DA:2,11
DA:3,11
DA:4,11
DA:7,11
DA:8,11
DA:9,11
DA:10,11
DA:11,11
DA:12,11
DA:13,11
DA:14,11
DA:15,11
DA:16,11
DA:17,11
DA:18,11
DA:20,11
LF:17
LH:17
BRF:0
BRH:0
end_of_record
TN:
SF:routes/category.js
FNF:0
FNH:0
DA:1,11
DA:2,11
DA:3,11
DA:4,11
DA:6,11
DA:7,11
DA:9,11
LF:7
LH:7
BRF:0
BRH:0
end_of_record
TN:
SF:routes/foods.js
FNF:0
FNH:0
DA:1,11
DA:2,11
DA:7,11
DA:8,11
DA:12,11
DA:13,11
DA:14,11
DA:16,11
LF:8
LH:8
BRF:0
BRH:0
end_of_record
TN:
SF:routes/goals.js
FNF:0
FNH:0
DA:1,11
DA:2,11
DA:10,11
DA:12,11
DA:13,11
DA:14,11
DA:15,11
DA:16,11
DA:17,11
DA:19,11
LF:10
LH:10
BRF:0
BRH:0
end_of_record
TN:
SF:routes/index.js
FN:7,(anonymous_0)
FN:11,(anonymous_1)
FNF:2
FNH:2
FNDA:132,(anonymous_0)
FNDA:132,(anonymous_1)
DA:1,11
DA:2,11
DA:3,11
DA:5,11
DA:7,11
DA:8,132
DA:11,11
DA:13,132
DA:14,132
DA:15,121
DA:21,11
LF:11
LH:11
BRDA:14,0,0,121
BRDA:14,0,1,11
BRF:2
BRH:2
end_of_record
TN:
SF:routes/intermittentFasting.js
FNF:0
FNH:0
DA:1,11
DA:2,11
DA:8,11
DA:10,11
DA:11,11
DA:12,11
DA:13,11
DA:18,11
LF:8
LH:8
BRF:0
BRH:0
end_of_record
TN:
SF:routes/meals.js
FNF:0
FNH:0
DA:1,11
DA:2,11
DA:12,11
DA:13,11
DA:15,11
DA:16,11
DA:17,11
DA:18,11
DA:19,11
DA:20,11
DA:21,11
DA:22,11
DA:24,11
LF:13
LH:13
BRF:0
BRH:0
end_of_record
TN:
SF:routes/notifications.js
FNF:0
FNH:0
DA:1,11
DA:2,11
DA:3,11
DA:4,11
DA:6,11
DA:7,11
DA:9,11
LF:7
LH:7
BRF:0
BRH:0
end_of_record
TN:
SF:routes/recipes.js
FNF:0
FNH:0
DA:1,11
DA:2,11
DA:9,11
DA:11,11
DA:12,11
DA:13,11
DA:14,11
DA:15,11
DA:17,11
LF:9
LH:9
BRF:0
BRH:0
end_of_record
TN:
SF:routes/relationshipRequest.js
FNF:0
FNH:0
DA:1,11
DA:2,11
DA:9,11
DA:11,11
DA:12,11
DA:13,11
DA:14,11
DA:15,11
DA:16,11
DA:18,11
LF:10
LH:10
BRF:0
BRH:0
end_of_record
TN:
SF:routes/waterGlass.js
FNF:0
FNH:0
DA:1,11
DA:2,11
DA:3,11
DA:5,11
DA:6,11
DA:7,11
DA:9,11
LF:7
LH:7
BRF:0
BRH:0
end_of_record
TN:
SF:routes/weeks.js
FNF:0
FNH:0
DA:1,11
DA:2,11
DA:3,11
DA:5,11
DA:6,11
DA:8,11
LF:6
LH:6
BRF:0
BRH:0
end_of_record
TN:
SF:utils/handleEmail.js
FN:3,(anonymous_0)
FN:26,(anonymous_1)
FNF:2
FNH:2
FNDA:4,(anonymous_0)
FNDA:1,(anonymous_1)
DA:1,11
DA:3,11
DA:5,4
DA:17,4
DA:26,4
DA:27,1
DA:28,1
DA:33,11
LF:8
LH:8
BRDA:27,0,0,1
BRDA:27,0,1,0
BRF:2
BRH:1
end_of_record
TN:
SF:utils/handleErrors.js
FN:1,(anonymous_0)
FNF:1
FNH:1
FNDA:51,(anonymous_0)
DA:1,11
DA:2,51
DA:3,51
DA:7,51
DA:10,11
LF:5
LH:5
BRF:0
BRH:0
end_of_record
TN:
SF:utils/handleJWT.js
FN:4,(anonymous_0)
FNF:1
FNH:1
FNDA:9,(anonymous_0)
DA:1,11
DA:2,11
DA:4,11
DA:5,9
DA:15,9
DA:26,11
LF:6
LH:6
BRF:0
BRH:0
end_of_record
TN:
SF:utils/handlePassword.js
FN:4,(anonymous_0)
FN:9,(anonymous_1)
FNF:2
FNH:2
FNDA:11,(anonymous_0)
FNDA:2,(anonymous_1)
DA:2,11
DA:4,11
DA:5,11
DA:6,11
DA:9,11
DA:10,2
DA:11,2
DA:14,11
LF:8
LH:8
BRF:0
BRH:0
end_of_record
TN:
SF:utils/handleValidator.js
FN:3,(anonymous_0)
FNF:1
FNH:1
FNDA:31,(anonymous_0)
DA:1,11
DA:3,11
DA:4,31
DA:5,31
DA:6,27
DA:8,4
DA:9,4
DA:13,11
LF:8
LH:8
BRF:0
BRH:0
end_of_record
TN:
SF:validators/auth.js
FN:34,(anonymous_0)
FN:48,(anonymous_1)
FNF:2
FNH:2
FNDA:10,(anonymous_0)
FNDA:4,(anonymous_1)
DA:1,11
DA:2,11
DA:4,11
DA:35,10
DA:39,11
DA:49,4
DA:53,11
LF:7
LH:7
BRF:0
BRH:0
end_of_record
TN:
SF:validators/category.js
FN:8,(anonymous_0)
FNF:1
FNH:1
FNDA:3,(anonymous_0)
DA:1,11
DA:2,11
DA:4,11
DA:9,3
DA:14,11
LF:5
LH:5
BRF:0
BRH:0
end_of_record
TN:
SF:validators/foods.js
FN:17,(anonymous_0)
FNF:1
FNH:1
FNDA:3,(anonymous_0)
DA:1,11
DA:2,11
DA:4,11
DA:18,3
DA:19,1
DA:21,3
DA:22,1
DA:24,3
DA:25,1
DA:27,3
DA:32,11
LF:11
LH:11
BRDA:18,0,0,1
BRDA:18,0,1,2
BRDA:21,1,0,1
BRDA:21,1,1,2
BRDA:24,2,0,1
BRDA:24,2,1,2
BRF:6
BRH:6
end_of_record
TN:
SF:validators/meals.js
FN:7,(anonymous_0)
FNF:1
FNH:1
FNDA:9,(anonymous_0)
DA:1,11
DA:2,11
DA:4,11
DA:8,9
DA:12,11
LF:5
LH:5
BRF:0
BRH:0
end_of_record
TN:
SF:validators/notifications.js
FN:8,(anonymous_0)
FNF:1
FNH:1
FNDA:2,(anonymous_0)
DA:1,11
DA:2,11
DA:4,11
DA:9,2
DA:14,11
LF:5
LH:5
BRF:0
BRH:0
end_of_record
