TN:
SF:app.js
FNF:0
FNH:0
DA:1,6
DA:2,6
DA:3,6
DA:4,6
DA:5,6
DA:7,6
DA:9,6
DA:10,6
DA:12,6
DA:14,6
DA:16,6
DA:17,0
DA:20,6
DA:22,6
LF:14
LH:13
BRDA:7,0,0,6
BRDA:7,0,1,0
BRDA:12,1,0,6
BRDA:12,1,1,0
BRDA:16,2,0,0
BRDA:16,2,1,6
BRF:6
BRH:3
end_of_record
TN:
SF:config/mongo.js
FN:5,(anonymous_0)
FNF:1
FNH:1
FNDA:7,(anonymous_0)
DA:1,7
DA:3,7
DA:5,7
DA:6,7
DA:7,7
DA:8,7
DA:12,6
DA:14,1
DA:18,7
LF:9
LH:9
BRDA:7,0,0,7
BRDA:7,0,1,0
BRF:2
BRH:1
end_of_record
TN:
SF:controllers/auth.js
FN:7,(anonymous_0)
FN:25,(anonymous_1)
FN:55,(anonymous_2)
FN:64,(anonymous_3)
FN:74,(anonymous_4)
FN:84,(anonymous_5)
FN:100,(anonymous_6)
FN:115,(anonymous_7)
FNF:8
FNH:8
FNDA:8,(anonymous_0)
FNDA:4,(anonymous_1)
FNDA:3,(anonymous_2)
FNDA:2,(anonymous_3)
FNDA:2,(anonymous_4)
FNDA:2,(anonymous_5)
FNDA:3,(anonymous_6)
FNDA:2,(anonymous_7)
DA:1,6
DA:2,6
DA:3,6
DA:4,6
DA:5,6
DA:7,6
DA:8,8
DA:9,8
DA:10,8
DA:11,8
DA:12,8
DA:13,6
DA:15,6
DA:19,6
DA:21,2
DA:25,6
DA:26,4
DA:27,4
DA:28,3
DA:29,1
DA:30,1
DA:32,2
DA:33,2
DA:35,2
DA:36,1
DA:37,1
DA:40,1
DA:42,1
DA:48,1
DA:51,1
DA:55,6
DA:56,3
DA:57,3
DA:58,2
DA:60,1
DA:64,6
DA:65,2
DA:66,2
DA:67,1
DA:70,1
DA:74,6
DA:75,2
DA:76,2
DA:77,1
DA:80,1
DA:84,6
DA:85,2
DA:86,2
DA:87,2
DA:89,2
DA:92,1
DA:93,1
DA:95,1
DA:96,1
DA:100,6
DA:101,3
DA:102,3
DA:105,2
DA:106,2
DA:107,2
DA:109,1
DA:110,1
DA:111,1
DA:115,6
DA:116,2
DA:117,2
DA:118,1
DA:120,1
DA:124,6
LF:69
LH:69
BRDA:28,0,0,1
BRDA:28,0,1,2
BRDA:35,1,0,1
BRDA:35,1,1,1
BRF:4
BRH:4
end_of_record
TN:
SF:controllers/category.js
FN:5,(anonymous_0)
FN:16,(anonymous_1)
FNF:2
FNH:2
FNDA:2,(anonymous_0)
FNDA:2,(anonymous_1)
DA:1,6
DA:2,6
DA:5,6
DA:6,2
DA:7,2
DA:8,2
DA:9,1
DA:11,1
DA:16,6
DA:17,2
DA:18,2
DA:19,1
DA:21,1
DA:25,6
LF:14
LH:14
BRF:0
BRH:0
end_of_record
TN:
SF:controllers/foods.js
FN:4,(anonymous_0)
FN:14,(anonymous_1)
FN:26,(anonymous_2)
FNF:3
FNH:3
FNDA:2,(anonymous_0)
FNDA:2,(anonymous_1)
FNDA:2,(anonymous_2)
DA:1,6
DA:2,6
DA:4,6
DA:5,2
DA:6,2
DA:7,2
DA:8,1
DA:10,1
DA:14,6
DA:15,2
DA:16,2
DA:17,2
DA:20,1
DA:22,1
DA:26,6
DA:27,2
DA:28,2
DA:29,1
DA:31,1
DA:35,6
LF:20
LH:20
BRF:0
BRH:0
end_of_record
TN:
SF:controllers/goals.js
FN:4,(anonymous_0)
FN:13,(anonymous_1)
FN:17,(anonymous_2)
FN:25,(anonymous_3)
FN:44,(anonymous_4)
FN:47,(anonymous_5)
FN:58,(anonymous_6)
FN:78,(anonymous_7)
FN:87,(anonymous_8)
FN:99,(anonymous_9)
FNF:10
FNH:9
FNDA:1,(anonymous_0)
FNDA:1,(anonymous_1)
FNDA:3,(anonymous_2)
FNDA:4,(anonymous_3)
FNDA:1,(anonymous_4)
FNDA:4,(anonymous_5)
FNDA:0,(anonymous_6)
FNDA:6,(anonymous_7)
FNDA:1,(anonymous_8)
FNDA:1,(anonymous_9)
DA:1,6
DA:2,6
DA:4,6
DA:5,1
DA:6,1
DA:7,1
DA:9,0
DA:13,6
DA:14,1
DA:15,1
DA:16,1
DA:17,3
DA:19,1
DA:21,0
DA:25,6
DA:26,4
DA:27,4
DA:29,4
DA:30,4
DA:32,4
DA:33,4
DA:35,4
DA:36,0
DA:37,4
DA:38,0
DA:40,4
DA:44,6
DA:45,1
DA:46,1
DA:47,1
DA:48,4
DA:49,4
DA:50,4
DA:51,4
DA:56,4
DA:57,4
DA:58,4
DA:59,0
DA:62,4
DA:64,4
DA:70,4
DA:72,1
DA:74,0
DA:78,6
DA:79,6
DA:80,6
DA:81,6
DA:83,0
DA:87,6
DA:88,1
DA:89,1
DA:93,1
DA:95,0
DA:99,6
DA:100,1
DA:101,1
DA:102,1
DA:104,0
DA:108,6
LF:59
LH:50
BRDA:17,0,0,3
BRDA:17,0,1,3
BRDA:35,1,0,0
BRDA:35,1,1,4
BRDA:37,2,0,0
BRDA:37,2,1,4
BRDA:37,3,0,4
BRDA:37,3,1,4
BRF:8
BRH:6
end_of_record
TN:
SF:controllers/meals.js
FN:4,(anonymous_0)
FN:14,(anonymous_1)
FN:24,(anonymous_2)
FN:42,(anonymous_3)
FN:51,(anonymous_4)
FN:63,(anonymous_5)
FN:72,(anonymous_6)
FN:97,(anonymous_7)
FN:108,obtenerFechaSinHora
FN:116,(anonymous_9)
FN:129,(anonymous_10)
FN:142,(anonymous_11)
FNF:12
FNH:10
FNDA:2,(anonymous_0)
FNDA:2,(anonymous_1)
FNDA:1,(anonymous_2)
FNDA:7,(anonymous_3)
FNDA:2,(anonymous_4)
FNDA:3,(anonymous_5)
FNDA:1,(anonymous_6)
FNDA:2,(anonymous_7)
FNDA:353,obtenerFechaSinHora
FNDA:352,(anonymous_9)
FNDA:0,(anonymous_10)
FNDA:0,(anonymous_11)
DA:1,6
DA:2,6
DA:4,6
DA:5,2
DA:6,2
DA:7,2
DA:8,1
DA:10,1
DA:14,6
DA:15,2
DA:16,2
DA:17,2
DA:18,1
DA:20,1
DA:24,6
DA:25,1
DA:26,1
DA:28,1
DA:30,1
DA:35,1
DA:36,1
DA:38,0
DA:42,6
DA:43,7
DA:44,7
DA:45,6
DA:47,1
DA:51,6
DA:52,2
DA:53,2
DA:57,1
DA:59,1
DA:63,6
DA:64,3
DA:65,3
DA:66,2
DA:68,1
DA:72,6
DA:73,1
DA:74,1
DA:75,1
DA:76,1
DA:77,1
DA:82,1
DA:83,1
DA:84,1
DA:86,1
DA:87,366
DA:92,366
DA:95,1
DA:96,1
DA:97,1
DA:98,2
DA:99,2
DA:101,2
DA:102,1
DA:104,1
DA:109,353
DA:113,1
DA:114,1
DA:115,1
DA:116,352
DA:117,1
DA:118,1
DA:122,1
DA:124,0
DA:125,0
DA:129,6
DA:130,0
DA:131,0
DA:132,0
DA:133,0
DA:134,0
DA:139,0
DA:141,0
DA:142,0
DA:143,0
DA:146,0
DA:148,0
DA:149,0
DA:155,6
LF:81
LH:66
BRDA:101,0,0,1
BRDA:101,0,1,1
BRDA:117,1,0,1
BRDA:117,1,1,0
BRF:4
BRH:3
end_of_record
TN:
SF:controllers/notifications.js
FN:6,(anonymous_0)
FN:23,(anonymous_1)
FN:25,(anonymous_2)
FN:61,(anonymous_3)
FNF:4
FNH:4
FNDA:1,(anonymous_0)
FNDA:1,(anonymous_1)
FNDA:1,(anonymous_2)
FNDA:2,(anonymous_3)
DA:1,6
DA:2,6
DA:3,6
DA:4,6
DA:6,6
DA:7,1
DA:8,1
DA:9,1
DA:10,1
DA:12,1
DA:13,1
DA:22,1
DA:26,1
DA:30,1
DA:32,1
DA:33,1
DA:34,1
DA:35,1
DA:36,1
DA:38,1
DA:50,1
DA:52,1
DA:54,0
DA:57,0
DA:61,6
DA:63,2
DA:64,2
DA:65,1
DA:66,1
DA:68,1
DA:73,6
LF:31
LH:29
BRDA:32,0,0,1
BRDA:32,0,1,0
BRF:2
BRH:1
end_of_record
TN:
SF:models/category.js
FNF:0
FNH:0
DA:1,6
DA:2,6
DA:4,6
DA:16,6
DA:17,6
LF:5
LH:5
BRF:0
BRH:0
end_of_record
TN:
SF:models/food.js
FNF:0
FNH:0
DA:1,6
DA:2,6
DA:4,6
DA:25,6
DA:26,6
LF:5
LH:5
BRF:0
BRH:0
end_of_record
TN:
SF:models/goal.js
FNF:0
FNH:0
DA:1,6
DA:2,6
DA:4,6
DA:28,6
DA:29,6
LF:5
LH:5
BRF:0
BRH:0
end_of_record
TN:
SF:models/index.js
FNF:0
FNH:0
DA:1,6
DA:9,6
LF:2
LH:2
BRF:0
BRH:0
end_of_record
TN:
SF:models/meal.js
FNF:0
FNH:0
DA:1,6
DA:2,6
DA:4,6
DA:31,6
DA:32,6
LF:5
LH:5
BRF:0
BRH:0
end_of_record
TN:
SF:models/users.js
FNF:0
FNH:0
DA:1,6
DA:2,6
DA:4,6
DA:46,6
DA:47,6
LF:5
LH:5
BRF:0
BRH:0
end_of_record
TN:
SF:routes/auth.js
FNF:0
FNH:0
DA:1,6
DA:2,6
DA:3,6
DA:4,6
DA:7,6
DA:8,6
DA:9,6
DA:10,6
DA:11,6
DA:12,6
DA:13,6
DA:14,6
DA:16,6
LF:13
LH:13
BRF:0
BRH:0
end_of_record
TN:
SF:routes/category.js
FNF:0
FNH:0
DA:1,6
DA:2,6
DA:3,6
DA:4,6
DA:6,6
DA:7,6
DA:9,6
LF:7
LH:7
BRF:0
BRH:0
end_of_record
TN:
SF:routes/foods.js
FNF:0
FNH:0
DA:1,6
DA:2,6
DA:7,6
DA:8,6
DA:12,6
DA:13,6
DA:14,6
DA:16,6
LF:8
LH:8
BRF:0
BRH:0
end_of_record
TN:
SF:routes/goals.js
FNF:0
FNH:0
DA:1,6
DA:2,6
DA:10,6
DA:12,6
DA:13,6
DA:14,6
DA:15,6
DA:16,6
DA:17,6
DA:19,6
LF:10
LH:10
BRF:0
BRH:0
end_of_record
TN:
SF:routes/index.js
FN:7,(anonymous_0)
FN:11,(anonymous_1)
FNF:2
FNH:2
FNDA:42,(anonymous_0)
FNDA:42,(anonymous_1)
DA:1,6
DA:2,6
DA:3,6
DA:5,6
DA:7,6
DA:8,42
DA:11,6
DA:13,42
DA:14,42
DA:15,36
DA:21,6
LF:11
LH:11
BRDA:14,0,0,36
BRDA:14,0,1,6
BRF:2
BRH:2
end_of_record
TN:
SF:routes/meals.js
FNF:0
FNH:0
DA:1,6
DA:2,6
DA:12,6
DA:13,6
DA:15,6
DA:16,6
DA:17,6
DA:18,6
DA:19,6
DA:20,6
DA:21,6
DA:22,6
DA:24,6
LF:13
LH:13
BRF:0
BRH:0
end_of_record
TN:
SF:routes/notifications.js
FNF:0
FNH:0
DA:1,6
DA:2,6
DA:3,6
DA:4,6
DA:6,6
DA:7,6
DA:9,6
LF:7
LH:7
BRF:0
BRH:0
end_of_record
TN:
SF:utils/handleEmail.js
FN:3,(anonymous_0)
FN:26,(anonymous_1)
FNF:2
FNH:1
FNDA:1,(anonymous_0)
FNDA:0,(anonymous_1)
DA:1,6
DA:3,6
DA:5,1
DA:17,1
DA:26,1
DA:27,0
DA:28,0
DA:33,6
LF:8
LH:6
BRDA:27,0,0,0
BRDA:27,0,1,0
BRF:2
BRH:0
end_of_record
TN:
SF:utils/handleErrors.js
FN:1,(anonymous_0)
FNF:1
FNH:1
FNDA:22,(anonymous_0)
DA:1,6
DA:2,22
DA:3,22
DA:7,22
DA:10,6
LF:5
LH:5
BRF:0
BRH:0
end_of_record
TN:
SF:utils/handleJWT.js
FN:4,(anonymous_0)
FNF:1
FNH:1
FNDA:7,(anonymous_0)
DA:1,6
DA:2,6
DA:4,6
DA:5,7
DA:15,7
DA:26,6
LF:6
LH:6
BRF:0
BRH:0
end_of_record
TN:
SF:utils/handlePassword.js
FN:4,(anonymous_0)
FN:9,(anonymous_1)
FNF:2
FNH:2
FNDA:10,(anonymous_0)
FNDA:2,(anonymous_1)
DA:2,6
DA:4,6
DA:5,10
DA:6,10
DA:9,6
DA:10,2
DA:11,2
DA:14,6
LF:8
LH:8
BRF:0
BRH:0
end_of_record
TN:
SF:utils/handleValidator.js
FN:3,(anonymous_0)
FNF:1
FNH:1
FNDA:27,(anonymous_0)
DA:1,6
DA:3,6
DA:4,27
DA:5,27
DA:6,24
DA:8,3
DA:9,3
DA:13,6
LF:8
LH:8
BRF:0
BRH:0
end_of_record
TN:
SF:validators/auth.js
FN:31,(anonymous_0)
FN:45,(anonymous_1)
FNF:2
FNH:2
FNDA:8,(anonymous_0)
FNDA:4,(anonymous_1)
DA:1,6
DA:2,6
DA:4,6
DA:32,8
DA:36,6
DA:46,4
DA:50,6
LF:7
LH:7
BRF:0
BRH:0
end_of_record
TN:
SF:validators/category.js
FN:8,(anonymous_0)
FNF:1
FNH:1
FNDA:3,(anonymous_0)
DA:1,6
DA:2,6
DA:4,6
DA:9,3
DA:14,6
LF:5
LH:5
BRF:0
BRH:0
end_of_record
TN:
SF:validators/foods.js
FN:17,(anonymous_0)
FNF:1
FNH:1
FNDA:3,(anonymous_0)
DA:1,6
DA:2,6
DA:4,6
DA:18,3
DA:23,6
LF:5
LH:5
BRF:0
BRH:0
end_of_record
TN:
SF:validators/meals.js
FN:11,(anonymous_0)
FNF:1
FNH:1
FNDA:8,(anonymous_0)
DA:1,6
DA:2,6
DA:4,6
DA:12,8
DA:17,6
LF:5
LH:5
BRF:0
BRH:0
end_of_record
TN:
SF:validators/notifications.js
FN:8,(anonymous_0)
FNF:1
FNH:1
FNDA:1,(anonymous_0)
DA:1,6
DA:2,6
DA:4,6
DA:9,1
DA:14,6
LF:5
LH:5
BRF:0
BRH:0
end_of_record
